<?xml version="1.0" encoding="UTF-8"?>
<!-- Generated by org.testng.reporters.JUnitXMLReporter -->
<testsuite hostname="BDC4-L-61062ND" ignored="4" name="NewContactPageTest" tests="1" failures="1" timestamp="2020-08-04T15:57:01 IST" time="4.693" errors="0">
  <testcase name="createNewContactTest" time="4.561" classname="com.crm.qa.testcases.NewContactPageTest">
    <failure type="org.testng.internal.reflect.MethodMatcherException" message="
[private void com.crm.qa.testcases.NewContactPageTest.createNewContactTest(com.crm.qa.util.DataTable,java.lang.String)] has no parameters defined but was found to be using a data provider (either explicitly specified or inherited from class level annotation).
Data provider mismatch
Method: createNewContactTest([Parameter{index=0, type=com.crm.qa.util.DataTable, declaredAnnotations=[]}, Parameter{index=1, type=java.lang.String, declaredAnnotations=[]}])
Arguments: [(com.crm.qa.util.DataTable) com.crm.qa.util.DataTable@3370f42]">
      <![CDATA[org.testng.internal.reflect.MethodMatcherException: 
[private void com.crm.qa.testcases.NewContactPageTest.createNewContactTest(com.crm.qa.util.DataTable,java.lang.String)] has no parameters defined but was found to be using a data provider (either explicitly specified or inherited from class level annotation).
Data provider mismatch
Method: createNewContactTest([Parameter{index=0, type=com.crm.qa.util.DataTable, declaredAnnotations=[]}, Parameter{index=1, type=java.lang.String, declaredAnnotations=[]}])
Arguments: [(com.crm.qa.util.DataTable) com.crm.qa.util.DataTable@3370f42]
at java.util.ArrayList.forEach(Unknown Source)
... Removed 22 stack frames]]>
    </failure>
  </testcase> <!-- createNewContactTest -->
  <testcase name="newContactPageLabelTest" time="0.0" classname="com.crm.qa.testcases.NewContactPageTest">
    <ignored/>
  </testcase> <!-- newContactPageLabelTest -->
  <testcase name="createNewContactTest" time="0.0" classname="com.crm.qa.testcases.NewContactPageTest">
    <ignored/>
  </testcase> <!-- createNewContactTest -->
  <testcase name="newContactPageTitleTest" time="0.0" classname="com.crm.qa.testcases.NewContactPageTest">
    <ignored/>
  </testcase> <!-- newContactPageTitleTest -->
  <testcase name="newContactPageUrlTest" time="0.0" classname="com.crm.qa.testcases.NewContactPageTest">
    <ignored/>
  </testcase> <!-- newContactPageUrlTest -->
</testsuite> <!-- NewContactPageTest -->
