<?xml version="1.0" encoding="UTF-8"?>
<!-- Generated by org.testng.reporters.JUnitXMLReporter -->
<testsuite hostname="BDC4-L-61062ND" ignored="0" name="Test" tests="5" failures="0" timestamp="2020-07-27T12:27:12 IST" time="127.273" errors="0">
  <testcase name="test2" time="12.964" classname="com.others.OneTest"/>
  <testcase name="test1" time="5.356" classname="com.others.OneTest"/>
  <testcase name="test3" time="20.728" classname="com.others.OneTest"/>
  <testcase name="test4" time="1.471" classname="com.others.OneTest"/>
  <testcase name="test5" time="24.975" classname="com.others.OneTest"/>
</testsuite> <!-- Test -->
