<?xml version="1.0" encoding="UTF-8"?>
<!-- Generated by org.testng.reporters.JUnitXMLReporter -->
<testsuite hostname="BDC4-L-61062ND" ignored="0" name="ContactsPageTest" tests="6" failures="0" timestamp="2020-07-28T10:49:33 IST" time="232.05" errors="0">
  <testcase name="createNewContactTest" time="33.363" classname="com.crm.qa.testcases.NewContactPageTest"/>
  <testcase name="contactsPageUrlTest" time="26.377" classname="com.crm.qa.testcases.ContactsPageTest"/>
  <testcase name="contactsPageTitleTest" time="20.832" classname="com.crm.qa.testcases.ContactsPageTest"/>
  <testcase name="createNewContactTest" time="44.596" classname="com.crm.qa.testcases.NewContactPageTest"/>
  <testcase name="contactsPageLabelTest" time="17.857" classname="com.crm.qa.testcases.ContactsPageTest"/>
  <testcase name="selectDesiredContactTest" time="22.038" classname="com.crm.qa.testcases.ContactsPageTest"/>
</testsuite> <!-- ContactsPageTest -->
