<?xml version="1.0" encoding="UTF-8"?>
<!-- Generated by org.testng.reporters.JUnitXMLReporter -->
<testsuite hostname="BDC4-L-61062ND" ignored="0" name="LaunchPageTest" tests="4" failures="0" timestamp="2020-07-28T10:43:30 IST" time="232.452" errors="0">
  <testcase name="companyLogoDisplayTest" time="3.348" classname="com.crm.qa.testcases.LaunchPageTest"/>
  <testcase name="companyTelephoneDisplayTest" time="2.148" classname="com.crm.qa.testcases.LaunchPageTest"/>
  <testcase name="signUpPageLinkTest" time="8.431" classname="com.crm.qa.testcases.LaunchPageTest"/>
  <testcase name="loginPageLinkTest" time="14.444" classname="com.crm.qa.testcases.LaunchPageTest"/>
</testsuite> <!-- LaunchPageTest -->
