<?xml version="1.0" encoding="UTF-8"?>
<!-- Generated by org.testng.reporters.JUnitXMLReporter -->
<testsuite hostname="BDC4-L-61062ND" ignored="0" name="LoginPageTest" tests="10" failures="0" timestamp="2020-07-28T10:45:40 IST" time="127.844" errors="0">
  <testcase name="companyLogoDisplayTest" time="3.348" classname="com.crm.qa.testcases.LaunchPageTest"/>
  <testcase name="newContactPageUrlTest" time="25.757" classname="com.crm.qa.testcases.NewContactPageTest"/>
  <testcase name="companyTelephoneDisplayTest" time="2.148" classname="com.crm.qa.testcases.LaunchPageTest"/>
  <testcase name="newContactPageTitleTest" time="33.656" classname="com.crm.qa.testcases.NewContactPageTest"/>
  <testcase name="signUpPageLinkTest" time="8.431" classname="com.crm.qa.testcases.LaunchPageTest"/>
  <testcase name="loginPageLinkTest" time="14.444" classname="com.crm.qa.testcases.LaunchPageTest"/>
  <testcase name="newContactPageLabelTest" time="26.052" classname="com.crm.qa.testcases.NewContactPageTest"/>
  <testcase name="customerLoginTest" time="29.183" classname="com.crm.qa.testcases.LoginPageTest"/>
  <testcase name="createNewContactTest" time="36.925" classname="com.crm.qa.testcases.NewContactPageTest"/>
  <testcase name="validateResetPasswordPageLinkTest" time="14.57" classname="com.crm.qa.testcases.LoginPageTest"/>
</testsuite> <!-- LoginPageTest -->
