<?xml version="1.0" encoding="UTF-8"?>
<!-- Generated by org.testng.reporters.JUnitXMLReporter -->
<testsuite hostname="BDC4-L-61062ND" ignored="0" name="NewContactPageTest" tests="2" failures="0" timestamp="2020-07-28T10:48:04 IST" time="506.062" errors="0">
  <testcase name="createNewContactTest" time="33.363" classname="com.crm.qa.testcases.NewContactPageTest"/>
  <testcase name="createNewContactTest" time="44.596" classname="com.crm.qa.testcases.NewContactPageTest"/>
</testsuite> <!-- NewContactPageTest -->
