<?xml version="1.0" encoding="UTF-8"?>
<!-- Generated by org.testng.reporters.JUnitXMLReporter -->
<testsuite hostname="BDC4-L-61062ND" ignored="0" name="ContactsPageTest" tests="7" failures="0" timestamp="2020-07-28T12:43:17 IST" time="316.888" errors="0">
  <testcase name="createNewContactTest" time="66.345" classname="com.crm.qa.testcases.NewContactPageTest">
    <skipped/>
  </testcase> <!-- createNewContactTest -->
  <testcase name="contactsPageUrlTest" time="64.58" classname="com.crm.qa.testcases.ContactsPageTest"/>
  <testcase name="createNewContactTest" time="78.099" classname="com.crm.qa.testcases.NewContactPageTest"/>
  <testcase name="contactsPageTitleTest" time="33.485" classname="com.crm.qa.testcases.ContactsPageTest"/>
  <testcase name="contactsPageLabelTest" time="40.93" classname="com.crm.qa.testcases.ContactsPageTest"/>
  <testcase name="createNewContactTest" time="68.659" classname="com.crm.qa.testcases.NewContactPageTest"/>
  <testcase name="selectDesiredContactTest" time="36.484" classname="com.crm.qa.testcases.ContactsPageTest"/>
</testsuite> <!-- ContactsPageTest -->
