<?xml version="1.0" encoding="UTF-8"?>
<!-- Generated by org.testng.reporters.JUnitXMLReporter -->
<testsuite hostname="BDC4-L-61062ND" ignored="0" name="LoginPageTest" tests="15" failures="0" timestamp="2020-07-28T12:38:00 IST" time="256.185" errors="0">
  <testcase name="launchPageUrlTest" time="1.163" classname="com.crm.qa.testcases.LaunchPageTest"/>
  <testcase name="launchPageTitleTest" time="0.682" classname="com.crm.qa.testcases.LaunchPageTest"/>
  <testcase name="companyLogoDisplayTest" time="2.468" classname="com.crm.qa.testcases.LaunchPageTest"/>
  <testcase name="newContactPageUrlTest" time="67.42" classname="com.crm.qa.testcases.NewContactPageTest"/>
  <testcase name="companyTelephoneDisplayTest" time="3.298" classname="com.crm.qa.testcases.LaunchPageTest"/>
  <testcase name="newContactPageTitleTest" time="34.613" classname="com.crm.qa.testcases.NewContactPageTest"/>
  <testcase name="signUpPageLinkTest" time="11.291" classname="com.crm.qa.testcases.LaunchPageTest"/>
  <testcase name="newContactPageLabelTest" time="33.32" classname="com.crm.qa.testcases.NewContactPageTest"/>
  <testcase name="loginPageLinkTest" time="23.362" classname="com.crm.qa.testcases.LaunchPageTest"/>
  <testcase name="loginPageUrlTest" time="15.749" classname="com.crm.qa.testcases.LoginPageTest"/>
  <testcase name="createNewContactTest" time="70.919" classname="com.crm.qa.testcases.NewContactPageTest">
    <skipped/>
  </testcase> <!-- createNewContactTest -->
  <testcase name="loginPageTitleTest" time="53.146" classname="com.crm.qa.testcases.LoginPageTest"/>
  <testcase name="customerLoginTest" time="27.168" classname="com.crm.qa.testcases.LoginPageTest"/>
  <testcase name="createNewContactTest" time="81.553" classname="com.crm.qa.testcases.NewContactPageTest"/>
  <testcase name="validateResetPasswordPageLinkTest" time="21.994" classname="com.crm.qa.testcases.LoginPageTest"/>
</testsuite> <!-- LoginPageTest -->
