<?xml version="1.0" encoding="UTF-8"?>
<!-- Generated by org.testng.reporters.JUnitXMLReporter -->
<testsuite hostname="BDC4-L-61062ND" ignored="0" name="NewContactPageTest" tests="3" failures="0" timestamp="2020-07-28T12:43:11 IST" time="844.333" errors="0">
  <testcase name="createNewContactTest" time="66.345" classname="com.crm.qa.testcases.NewContactPageTest">
    <skipped/>
  </testcase> <!-- createNewContactTest -->
  <testcase name="createNewContactTest" time="78.099" classname="com.crm.qa.testcases.NewContactPageTest"/>
  <testcase name="createNewContactTest" time="68.659" classname="com.crm.qa.testcases.NewContactPageTest"/>
</testsuite> <!-- NewContactPageTest -->
